{"C:\\Users\\Ikechukwu Boniface\\Documents\\microverse\\js-capstone-tvmaze\\src\\modules\\counter.js": {"path":"C:\\Users\\Ikechukwu Boniface\\Documents\\microverse\\js-capstone-tvmaze\\src\\modules\\counter.js","statementMap":{"0":{"start":{"line":1,"column":17},"end":{"line":3,"column":1}},"1":{"start":{"line":2,"column":2},"end":{"line":2,"column":38}},"2":{"start":{"line":5,"column":0},"end":{"line":5,"column":26}}},"fnMap":{"0":{"name":"(anonymous_0)","decl":{"start":{"line":1,"column":17},"end":{"line":1,"column":18}},"loc":{"start":{"line":1,"column":40},"end":{"line":3,"column":1}},"line":1}},"branchMap":{},"s":{"0":1,"1":2,"2":1},"f":{"0":2},"b":{},"_coverageSchema":"1a1c01bbd47fc00a2c39e90264f33305004495a9","hash":"329ebfb314fb7ebbf09dd0349aeb75a5f6d63f5f"}
}
